<?xml version="1.0" encoding="UTF-8"?>
<!-- Generated by org.testng.reporters.JUnitReportReporter -->
<testsuite hostname="LAPTOP-MH6LOE0M" failures="0" tests="1" name="login.Excelautomation" time="6.521" errors="0" timestamp="2022-10-18T14:34:11 IST" skipped="0">
  <testcase classname="login.Excelautomation" name="exceL" time="6.521"/>
  <system-out/>
</testsuite> <!-- login.Excelautomation -->
