<?xml version="1.0" encoding="UTF-8"?>
<!-- Generated by org.testng.reporters.JUnitReportReporter -->
<testsuite hostname="LAPTOP-MH6LOE0M" failures="0" tests="1" name="login.copy.TestngAnnotations" time="0.005" errors="0" timestamp="2023-02-17T17:14:49 IST" skipped="0">
  <testcase classname="login.copy.TestngAnnotations" name="bhiii" time="0.005"/>
  <system-out/>
</testsuite> <!-- login.copy.TestngAnnotations -->
