<?xml version="1.0" encoding="UTF-8"?>
<!-- Generated by org.testng.reporters.JUnitReportReporter -->
<testsuite hostname="LAPTOP-MH6LOE0M" failures="0" tests="1" name="login.Testngpriority" time="0.008" errors="0" timestamp="2022-10-16T07:08:58 IST" skipped="0">
  <testcase classname="login.Testngpriority" name="bhiii" time="0.008"/>
  <system-out/>
</testsuite> <!-- login.Testngpriority -->
