<?xml version="1.0" encoding="UTF-8"?>
<!-- Generated by org.testng.reporters.JUnitReportReporter -->
<testsuite hostname="LAPTOP-MH6LOE0M" failures="0" tests="1" name="login.Testng" time="0.017" errors="0" timestamp="2022-10-16T06:48:53 IST" skipped="0">
  <testcase classname="login.Testng" name="hello" time="0.017"/>
  <system-out/>
</testsuite> <!-- login.Testng -->
