<?xml version="1.0" encoding="UTF-8"?>
<!-- Generated by org.testng.reporters.JUnitReportReporter -->
<testsuite hostname="LAPTOP-MH6LOE0M" failures="0" tests="1" name="login.notepad" time="10.497" errors="0" timestamp="2022-10-21T16:16:59 IST" skipped="0">
  <testcase classname="login.notepad" name="mahesh" time="10.497"/>
  <system-out/>
</testsuite> <!-- login.notepad -->
