<?xml version="1.0" encoding="UTF-8"?>
<!-- Generated by org.testng.reporters.JUnitReportReporter -->
<testsuite hostname="LAPTOP-MH6LOE0M" failures="0" tests="1" name="login.Orangehrm2" time="13.783" errors="0" timestamp="2022-11-16T13:41:44 IST" skipped="0">
  <testcase classname="login.Orangehrm2" name="mahesh" time="13.783"/>
  <system-out/>
</testsuite> <!-- login.Orangehrm2 -->
