<?xml version="1.0" encoding="UTF-8"?>
<!-- Generated by org.testng.reporters.JUnitReportReporter -->
<testsuite hostname="LAPTOP-MH6LOE0M" failures="0" tests="1" name="login.Testngogrn" time="13.478" errors="0" timestamp="2022-10-16T06:56:33 IST" skipped="0">
  <testcase classname="login.Testngogrn" name="login" time="13.478"/>
  <system-out/>
</testsuite> <!-- login.Testngogrn -->
