<?xml version="1.0" encoding="UTF-8"?>
<!-- Generated by org.testng.reporters.JUnitReportReporter -->
<testsuite hostname="LAPTOP-MH6LOE0M" failures="0" tests="1" name="login.copy.screenshot" time="10.267" errors="0" timestamp="2023-02-17T21:19:29 IST" skipped="0">
  <testcase classname="login.copy.screenshot" name="man" time="10.267"/>
  <system-out/>
</testsuite> <!-- login.copy.screenshot -->
