<?xml version="1.0" encoding="UTF-8"?>
<!-- Generated by org.testng.reporters.JUnitReportReporter -->
<testsuite hostname="LAPTOP-MH6LOE0M" failures="0" tests="1" name="practiseeee.testngperameterization" time="4.555" errors="0" timestamp="2022-11-15T17:28:52 IST" skipped="0">
  <testcase classname="practiseeee.testngperameterization" name="mahesh" time="4.555"/>
  <system-out/>
</testsuite> <!-- practiseeee.testngperameterization -->
