<?xml version="1.0" encoding="UTF-8"?>
<!-- Generated by org.testng.reporters.JUnitReportReporter -->
<testsuite hostname="LAPTOP-MH6LOE0M" failures="0" tests="1" name="login.Orangehrm" time="6.221" errors="0" timestamp="2022-10-18T14:19:11 IST" skipped="0">
  <testcase classname="login.Orangehrm" name="mahesh" time="6.221"/>
  <system-out/>
</testsuite> <!-- login.Orangehrm -->
