<?xml version="1.0" encoding="UTF-8"?>
<!-- Generated by org.testng.reporters.JUnitReportReporter -->
<testsuite hostname="LAPTOP-MH6LOE0M" failures="0" tests="1" name="login.practise" time="11.841" errors="0" timestamp="2022-10-27T19:59:59 IST" skipped="0">
  <testcase classname="login.practise" name="man" time="11.841"/>
  <system-out/>
</testsuite> <!-- login.practise -->
