<?xml version="1.0" encoding="UTF-8"?>
<!-- Generated by org.testng.reporters.JUnitReportReporter -->
<testsuite hostname="LAPTOP-MH6LOE0M" failures="0" tests="2" name="login.Testngs" time="0.034" errors="0" timestamp="2022-10-16T06:48:53 IST" skipped="0">
  <testcase classname="login.Testngs" name="bhiii" time="0.017"/>
  <system-out/>
  <testcase classname="login.Testngs" name="ahello" time="0.017"/>
  <system-out/>
</testsuite> <!-- login.Testngs -->
