<?xml version="1.0" encoding="UTF-8"?>
<!-- Generated by org.testng.reporters.JUnitReportReporter -->
<testsuite hostname="LAPTOP-MH6LOE0M" failures="0" tests="2" name="hyr.datapro" time="0.009" errors="0" timestamp="2023-02-17T17:44:55 IST" skipped="0">
  <testcase classname="hyr.datapro" name="dataset" time="0.008"/>
  <system-out/>
  <testcase classname="hyr.datapro" name="dataset" time="0.001"/>
  <system-out/>
</testsuite> <!-- hyr.datapro -->
