<?xml version="1.0" encoding="UTF-8"?>
<!-- Generated by org.testng.reporters.JUnitReportReporter -->
<testsuite hostname="LAPTOP-MH6LOE0M" failures="0" tests="8" name="hyr.dataprovider" time="0.020" errors="0" timestamp="2023-02-17T17:44:23 IST" skipped="0">
  <testcase classname="hyr.dataprovider" name="mahesh1" time="0.001"/>
  <system-out/>
  <testcase classname="hyr.dataprovider" name="mahesh" time="0.011"/>
  <system-out/>
  <testcase classname="hyr.dataprovider" name="mahesh" time="0.002"/>
  <system-out/>
  <testcase classname="hyr.dataprovider" name="mahesh1" time="0.001"/>
  <system-out/>
  <testcase classname="hyr.dataprovider" name="mahesh1" time="0.001"/>
  <system-out/>
  <testcase classname="hyr.dataprovider" name="mahesh" time="0.001"/>
  <system-out/>
  <testcase classname="hyr.dataprovider" name="mahesh1" time="0.002"/>
  <system-out/>
  <testcase classname="hyr.dataprovider" name="mahesh" time="0.001"/>
  <system-out/>
</testsuite> <!-- hyr.dataprovider -->
