<?xml version="1.0" encoding="UTF-8"?>
<!-- Generated by org.testng.reporters.JUnitReportReporter -->
<testsuite hostname="LAPTOP-MH6LOE0M" failures="0" tests="1" name="practiseeee.testngannotation" time="12.363" errors="0" timestamp="2022-11-15T10:46:41 IST" skipped="0">
  <testcase classname="practiseeee.testngannotation" name="enterlogincredentials" time="12.363"/>
  <system-out/>
</testsuite> <!-- practiseeee.testngannotation -->
