<?xml version="1.0" encoding="UTF-8"?>
<!-- Generated by org.testng.reporters.JUnitReportReporter -->
<testsuite hostname="LAPTOP-MH6LOE0M" failures="0" tests="1" name="login.loginorangehrm" time="12.486" errors="0" timestamp="2022-10-15T12:17:47 IST" skipped="0">
  <testcase classname="login.loginorangehrm" name="login" time="12.486"/>
  <system-out/>
</testsuite> <!-- login.loginorangehrm -->
