<?xml version="1.0" encoding="UTF-8"?>
<!-- Generated by org.testng.reporters.JUnitReportReporter -->
<testsuite hostname="LAPTOP-MH6LOE0M" failures="0" tests="2" name="practiseeee.testngcrossbrowser" time="5.247" errors="0" timestamp="2022-11-15T16:26:26 IST" skipped="0">
  <testcase classname="practiseeee.testngcrossbrowser" name="cross" time="1.455"/>
  <system-out/>
  <testcase classname="practiseeee.testngcrossbrowser" name="cross" time="3.792"/>
  <system-out/>
</testsuite> <!-- practiseeee.testngcrossbrowser -->
