<?xml version="1.0" encoding="UTF-8"?>
<!-- Generated by org.testng.reporters.JUnitReportReporter -->
<testsuite hostname="LAPTOP-MH6LOE0M" failures="0" tests="1" name="practiseeee.testngtest" time="0.006" errors="0" timestamp="2022-11-15T17:12:34 IST" skipped="0">
  <testcase classname="practiseeee.testngtest" name="test" time="0.006"/>
  <system-out/>
</testsuite> <!-- practiseeee.testngtest -->
