<?xml version="1.0" encoding="UTF-8"?>
<!-- Generated by org.testng.reporters.JUnitReportReporter -->
<testsuite hostname="LAPTOP-MH6LOE0M" failures="0" tests="1" name="practiseeee.testngprac" time="0.018" errors="0" timestamp="2022-11-15T07:49:41 IST" skipped="0">
  <testcase classname="practiseeee.testngprac" name="test" time="0.018"/>
  <system-out/>
</testsuite> <!-- practiseeee.testngprac -->
